<?xml version="1.0" encoding="UTF-8"?>
<!-- Generated by org.testng.reporters.JUnitReportReporter -->
<testsuite hostname="DESKTOP-3LAS9CR" failures="0" tests="1" name="InterviewQuestionPack1.HowcanHandleSubMenu" time="4.209" errors="0" timestamp="11 Feb 2019 22:26:21 GMT" skipped="0">
  <testcase classname="InterviewQuestionPack1.HowcanHandleSubMenu" name="SubmenuHandling1" time="4.209"/>
</testsuite> <!-- InterviewQuestionPack1.HowcanHandleSubMenu -->
