<?xml version="1.0" encoding="UTF-8"?>
<!-- Generated by org.testng.reporters.JUnitReportReporter -->
<testsuite hostname="DESKTOP-3LAS9CR" failures="0" tests="1" name="InterviewQuestionPack1.HowToCountLink" time="0.527" errors="0" timestamp="26 Jan 2019 00:02:32 GMT" skipped="0">
  <testcase classname="InterviewQuestionPack1.HowToCountLink" name="countMenu" time="0.527"/>
</testsuite> <!-- InterviewQuestionPack1.HowToCountLink -->
