<?xml version="1.0" encoding="UTF-8"?>
<!-- Generated by org.testng.reporters.JUnitReportReporter -->
<testsuite hostname="DESKTOP-3LAS9CR" failures="0" tests="1" name="WebTablePack.HowToWriteWebTableData2" time="3.698" errors="0" timestamp="10 Jun 2018 13:46:30 GMT" skipped="0">
  <testcase classname="WebTablePack.HowToWriteWebTableData2" name="WebDataWritingL" time="3.698"/>
</testsuite> <!-- WebTablePack.HowToWriteWebTableData2 -->
