<?xml version="1.0" encoding="UTF-8"?>
<!-- Generated by org.testng.reporters.JUnitReportReporter -->
<testsuite hostname="DESKTOP-3LAS9CR" failures="0" tests="1" name="XPath.DynamicXPath" time="0.351" errors="0" timestamp="01 Aug 2018 23:35:54 GMT" skipped="0">
  <testcase classname="XPath.DynamicXPath" name="DynamicPath" time="0.351"/>
</testsuite> <!-- XPath.DynamicXPath -->
