<?xml version="1.0" encoding="UTF-8"?>
<!-- Generated by org.testng.reporters.JUnitReportReporter -->
<testsuite hostname="DESKTOP-3LAS9CR" failures="0" tests="2" name="InterviewQuestionPack1.ManualToAutomation" time="0.000" errors="0" timestamp="03 Oct 2018 02:59:33 GMT" skipped="2">
  <testcase classname="InterviewQuestionPack1.ManualToAutomation" name="VerifyScrollText" time="0.000">
    <skipped/>
  </testcase> <!-- VerifyScrollText -->
  <testcase classname="InterviewQuestionPack1.ManualToAutomation" name="VerifyTitle" time="0.000">
    <skipped/>
  </testcase> <!-- VerifyTitle -->
</testsuite> <!-- InterviewQuestionPack1.ManualToAutomation -->
