<?xml version="1.0" encoding="UTF-8"?>
<!-- Generated by org.testng.reporters.JUnitReportReporter -->
<testsuite hostname="DESKTOP-3LAS9CR" failures="0" tests="1" name="WeatherPractice.CopyDropDownBox" time="1.372" errors="0" timestamp="21 Dec 2018 17:06:15 GMT" skipped="0">
  <testcase classname="WeatherPractice.CopyDropDownBox" name="WriteToExcel" time="1.372"/>
</testsuite> <!-- WeatherPractice.CopyDropDownBox -->
