<?xml version="1.0" encoding="UTF-8"?>
<!-- Generated by org.testng.reporters.JUnitReportReporter -->
<testsuite hostname="DESKTOP-3LAS9CR" failures="0" tests="2" name="InterviewQuestionPack1.IfTestCaseFailThenTakeScreenShotByITest2" time="0.000" errors="0" timestamp="03 Oct 2018 02:59:34 GMT" skipped="2">
  <testcase classname="InterviewQuestionPack1.IfTestCaseFailThenTakeScreenShotByITest2" name="TakeScreenShot" time="0.000">
    <skipped/>
  </testcase> <!-- TakeScreenShot -->
  <testcase classname="InterviewQuestionPack1.IfTestCaseFailThenTakeScreenShotByITest2" name="ClickOnFemale" time="0.000">
    <skipped/>
  </testcase> <!-- ClickOnFemale -->
</testsuite> <!-- InterviewQuestionPack1.IfTestCaseFailThenTakeScreenShotByITest2 -->
