<?xml version="1.0" encoding="UTF-8"?>
<!-- Generated by org.testng.reporters.JUnitReportReporter -->
<testsuite hostname="DESKTOP-3LAS9CR" failures="0" tests="1" name="HowToUploadFile" time="8.683" errors="0" timestamp="01 Aug 2018 21:30:52 GMT" skipped="0">
  <testcase classname="HowToUploadFile" name="FileUpload" time="8.683"/>
</testsuite> <!-- HowToUploadFile -->
