<?xml version="1.0" encoding="UTF-8"?>
<!-- Generated by org.testng.reporters.JUnitReportReporter -->
<testsuite hostname="DESKTOP-3LAS9CR" failures="0" tests="4" name="crossbrowserPack.MultiBrowserByDataProvider" time="357.056" errors="0" timestamp="08 Aug 2018 22:30:33 GMT" skipped="0">
  <testcase classname="crossbrowserPack.MultiBrowserByDataProvider" name="setup" time="13.270"/>
  <testcase classname="crossbrowserPack.MultiBrowserByDataProvider" name="setup" time="329.871"/>
  <testcase classname="crossbrowserPack.MultiBrowserByDataProvider" name="setup" time="9.693"/>
  <testcase classname="crossbrowserPack.MultiBrowserByDataProvider" name="setup" time="4.222"/>
</testsuite> <!-- crossbrowserPack.MultiBrowserByDataProvider -->
