<?xml version="1.0" encoding="UTF-8"?>
<!-- Generated by org.testng.reporters.JUnitReportReporter -->
<testsuite hostname="DESKTOP-3LAS9CR" failures="0" tests="3" name="InterviewQuestionPack1.HowToGetBrowserAndwindowsName" time="0.000" errors="0" timestamp="03 Oct 2018 02:59:33 GMT" skipped="3">
  <testcase classname="InterviewQuestionPack1.HowToGetBrowserAndwindowsName" name="GetUpperAndLowerCase" time="0.000">
    <skipped/>
  </testcase> <!-- GetUpperAndLowerCase -->
  <testcase classname="InterviewQuestionPack1.HowToGetBrowserAndwindowsName" name="GetBrowserName" time="0.000">
    <skipped/>
  </testcase> <!-- GetBrowserName -->
  <testcase classname="InterviewQuestionPack1.HowToGetBrowserAndwindowsName" name="GetOperatingSystem" time="0.000">
    <skipped/>
  </testcase> <!-- GetOperatingSystem -->
</testsuite> <!-- InterviewQuestionPack1.HowToGetBrowserAndwindowsName -->
