<?xml version="1.0" encoding="UTF-8"?>
<!-- Generated by org.testng.reporters.JUnitReportReporter -->
<testsuite hostname="DESKTOP-3LAS9CR" failures="0" tests="1" name="InterviewQuestionPack1.HowToWriteDataFromWebTable" time="2.033" errors="0" timestamp="28 Jan 2019 17:09:16 GMT" skipped="0">
  <testcase classname="InterviewQuestionPack1.HowToWriteDataFromWebTable" name="WebDataWritingL" time="2.033"/>
</testsuite> <!-- InterviewQuestionPack1.HowToWriteDataFromWebTable -->
