<?xml version="1.0" encoding="UTF-8"?>
<!-- Generated by org.testng.reporters.JUnitReportReporter -->
<testsuite hostname="DESKTOP-3LAS9CR" failures="0" tests="1" name="WebTablePack.HowToWriteWebTableDataW3School" time="4.773" errors="0" timestamp="04 Feb 2019 03:44:44 GMT" skipped="0">
  <testcase classname="WebTablePack.HowToWriteWebTableDataW3School" name="WebDataWriting" time="4.773"/>
</testsuite> <!-- WebTablePack.HowToWriteWebTableDataW3School -->
