<?xml version="1.0" encoding="UTF-8"?>
<!-- Generated by org.testng.reporters.JUnitReportReporter -->
<testsuite hostname="DESKTOP-3LAS9CR" failures="0" tests="1" name="WebTablePack.LocalPhoneTable" time="5.111" errors="0" timestamp="10 Apr 2019 02:24:45 GMT" skipped="0">
  <testcase classname="WebTablePack.LocalPhoneTable" name="writeWebtable" time="5.111"/>
</testsuite> <!-- WebTablePack.LocalPhoneTable -->
