<?xml version="1.0" encoding="UTF-8"?>
<!-- Generated by org.testng.reporters.JUnitReportReporter -->
<testsuite hostname="DESKTOP-3LAS9CR" failures="0" tests="1" name="InterviewQuestionPack1.HowToUseVerify" time="13.365" errors="0" timestamp="29 Jan 2019 16:14:53 GMT" skipped="0">
  <testcase classname="InterviewQuestionPack1.HowToUseVerify" name="TextVerifyByHardAssert" time="13.365"/>
</testsuite> <!-- InterviewQuestionPack1.HowToUseVerify -->
