<?xml version="1.0" encoding="UTF-8"?>
<!-- Generated by org.testng.reporters.JUnitReportReporter -->
<testsuite hostname="DESKTOP-3LAS9CR" failures="0" tests="1" name="AutoIT.FileUploadByAutoIT" time="0.629" errors="0" timestamp="03 Oct 2018 22:58:57 GMT" skipped="0">
  <testcase classname="AutoIT.FileUploadByAutoIT" name="FileUpload" time="0.629"/>
</testsuite> <!-- AutoIT.FileUploadByAutoIT -->
