<?xml version="1.0" encoding="UTF-8"?>
<!-- Generated by org.testng.reporters.JUnitReportReporter -->
<testsuite hostname="DESKTOP-3LAS9CR" failures="0" tests="1" name="AutoIT.WindowAuthentication" time="5.251" errors="0" timestamp="03 Oct 2018 23:35:16 GMT" skipped="0">
  <testcase classname="AutoIT.WindowAuthentication" name="Authentication" time="5.251"/>
</testsuite> <!-- AutoIT.WindowAuthentication -->
