<?xml version="1.0" encoding="UTF-8"?>
<!-- Generated by org.testng.reporters.JUnitReportReporter -->
<testsuite hostname="DESKTOP-3LAS9CR" failures="0" tests="1" name="WebTablePack.ReadWebTable" time="2.004" errors="0" timestamp="04 Feb 2021 15:18:18 GMT" skipped="0">
  <testcase classname="WebTablePack.ReadWebTable" name="readData" time="2.004"/>
</testsuite> <!-- WebTablePack.ReadWebTable -->
