<?xml version="1.0" encoding="UTF-8"?>
<!-- Generated by org.testng.reporters.JUnitReportReporter -->
<testsuite hostname="DESKTOP-3LAS9CR" failures="0" tests="2" name="InterviewQuestionPack1.HowToHandleIIFrame" time="0.000" errors="0" timestamp="03 Oct 2018 02:59:33 GMT" skipped="2">
  <testcase classname="InterviewQuestionPack1.HowToHandleIIFrame" name="IFrameHandling" time="0.000">
    <skipped/>
  </testcase> <!-- IFrameHandling -->
  <testcase classname="InterviewQuestionPack1.HowToHandleIIFrame" name="HandlingSecondFrame" time="0.000">
    <skipped/>
  </testcase> <!-- HandlingSecondFrame -->
</testsuite> <!-- InterviewQuestionPack1.HowToHandleIIFrame -->
