<?xml version="1.0" encoding="UTF-8"?>
<!-- Generated by org.testng.reporters.JUnitReportReporter -->
<testsuite hostname="DESKTOP-3LAS9CR" failures="0" tests="1" name="WeatherPractice.TemperatureConvertAndVerify" time="0.120" errors="0" timestamp="15 Oct 2018 21:42:52 GMT" skipped="0">
  <testcase classname="WeatherPractice.TemperatureConvertAndVerify" name="varifyTempareture" time="0.120"/>
</testsuite> <!-- WeatherPractice.TemperatureConvertAndVerify -->
