<?xml version="1.0" encoding="UTF-8"?>
<!-- Generated by org.testng.reporters.JUnitReportReporter -->
<testsuite hostname="DESKTOP-3LAS9CR" failures="0" tests="2" name="InterviewQuestionPack1.HowToCheckAllCheckBox" time="0.000" errors="0" timestamp="03 Oct 2018 02:59:33 GMT" skipped="2">
  <testcase classname="InterviewQuestionPack1.HowToCheckAllCheckBox" name="VarifyCheckBoxCheckedOrNot" time="0.000">
    <skipped/>
  </testcase> <!-- VarifyCheckBoxCheckedOrNot -->
  <testcase classname="InterviewQuestionPack1.HowToCheckAllCheckBox" name="CheckBox" time="0.000">
    <skipped/>
  </testcase> <!-- CheckBox -->
</testsuite> <!-- InterviewQuestionPack1.HowToCheckAllCheckBox -->
