<?xml version="1.0" encoding="UTF-8"?>
<!-- Generated by org.testng.reporters.JUnitReportReporter -->
<testsuite hostname="DESKTOP-3LAS9CR" failures="0" tests="1" name="InterviewQuestionPack1.HowToGetSearchElement" time="30.516" errors="0" timestamp="08 Sep 2020 01:54:28 GMT" skipped="0">
  <testcase classname="InterviewQuestionPack1.HowToGetSearchElement" name="SearchElement" time="30.516"/>
</testsuite> <!-- InterviewQuestionPack1.HowToGetSearchElement -->
