<?xml version="1.0" encoding="UTF-8"?>
<!-- Generated by org.testng.reporters.JUnitReportReporter -->
<testsuite hostname="DESKTOP-3LAS9CR" failures="0" tests="1" name="InterviewQuestionPack1.HowToScrollPageUpAndDown" time="5.027" errors="0" timestamp="16 Oct 2018 16:08:27 GMT" skipped="0">
  <testcase classname="InterviewQuestionPack1.HowToScrollPageUpAndDown" name="GetScrollUpAndDown" time="5.027"/>
</testsuite> <!-- InterviewQuestionPack1.HowToScrollPageUpAndDown -->
