<?xml version="1.0" encoding="UTF-8"?>
<!-- Generated by org.testng.reporters.JUnitReportReporter -->
<testsuite hostname="DESKTOP-3LAS9CR" failures="0" tests="2" name="WebTablePack.ReadSpecificCellData" time="15.653" errors="0" timestamp="04 Feb 2021 20:34:58 GMT" skipped="0">
  <testcase classname="WebTablePack.ReadSpecificCellData" name="clickSubmenu" time="15.059"/>
  <testcase classname="WebTablePack.ReadSpecificCellData" name="readData" time="0.594"/>
</testsuite> <!-- WebTablePack.ReadSpecificCellData -->
