<?xml version="1.0" encoding="UTF-8"?>
<!-- Generated by org.testng.reporters.JUnitReportReporter -->
<testsuite hostname="DESKTOP-3LAS9CR" failures="0" tests="1" name="InterviewQuestionPack1.HowToHighlightAnyWebElement" time="0.000" errors="0" timestamp="03 Oct 2018 02:59:34 GMT" skipped="1">
  <testcase classname="InterviewQuestionPack1.HowToHighlightAnyWebElement" name="TakeScreenShot" time="0.000">
    <skipped/>
  </testcase> <!-- TakeScreenShot -->
</testsuite> <!-- InterviewQuestionPack1.HowToHighlightAnyWebElement -->
